#
# There is insufficient memory for the Java Runtime Environment to continue.
# Native memory allocation (malloc) failed to allocate 1053136 bytes for Chunk::new
# Possible reasons:
#   The system is out of physical RAM or swap space
#   In 32 bit mode, the process size limit was hit
# Possible solutions:
#   Reduce memory load on the system
#   Increase physical memory or swap space
#   Check if swap backing store is full
#   Use 64 bit Java on a 64 bit OS
#   Decrease Java heap size (-Xmx/-Xms)
#   Decrease number of Java threads
#   Decrease Java thread stack sizes (-Xss)
#   Set larger code cache with -XX:ReservedCodeCacheSize=
# This output file may be truncated or incomplete.
#
#  Out of Memory Error (allocation.cpp:390), pid=704, tid=0x0000000000003d98
#
# JRE version: OpenJDK Runtime Environment (8.0) (build 1.8.0-adoptopenjdk-_2018_05_19_00_59-b00)
# Java VM: OpenJDK 64-Bit Server VM (25.71-b00 mixed mode windows-amd64 compressed oops)
# Failed to write core dump. Minidumps are not enabled by default on client versions of Windows
#

---------------  T H R E A D  ---------------

Current thread (0x0000000019725800):  JavaThread "C2 CompilerThread2" daemon [_thread_in_native, id=15768, stack(0x000000001a100000,0x000000001a200000)]

Stack: [0x000000001a100000,0x000000001a200000]
[error occurred during error reporting (printing stack bounds), id 0xc0000005]

Native frames: (J=compiled Java code, j=interpreted, Vv=VM code, C=native code)


Current CompileTask:
C2:   3441 2318   !   4       com.sun.org.apache.xerces.internal.impl.XMLDocumentFragmentScannerImpl$FragmentContentDriver::next (2346 bytes)


---------------  P R O C E S S  ---------------

Java Threads: ( => current thread )
  0x000000001b804800 JavaThread "Keep-Alive-Timer" daemon [_thread_blocked, id=11220, stack(0x000000001c810000,0x000000001c910000)]
  0x00000000197c2000 JavaThread "Service Thread" daemon [_thread_blocked, id=19380, stack(0x000000001a300000,0x000000001a400000)]
  0x0000000017819000 JavaThread "C1 CompilerThread3" daemon [_thread_blocked, id=27944, stack(0x000000001a200000,0x000000001a300000)]
=>0x0000000019725800 JavaThread "C2 CompilerThread2" daemon [_thread_in_native, id=15768, stack(0x000000001a100000,0x000000001a200000)]
  0x0000000019724800 JavaThread "C2 CompilerThread1" daemon [_thread_in_native, id=5344, stack(0x000000001a000000,0x000000001a100000)]
  0x0000000019721800 JavaThread "C2 CompilerThread0" daemon [_thread_in_native, id=17228, stack(0x0000000019f00000,0x000000001a000000)]
  0x000000001972d800 JavaThread "Attach Listener" daemon [_thread_blocked, id=6052, stack(0x0000000019e00000,0x0000000019f00000)]
  0x000000001972c800 JavaThread "Signal Dispatcher" daemon [_thread_blocked, id=8916, stack(0x0000000019d00000,0x0000000019e00000)]
  0x0000000019710800 JavaThread "Finalizer" daemon [_thread_blocked, id=28604, stack(0x0000000019af0000,0x0000000019bf0000)]
  0x00000000028cc000 JavaThread "Reference Handler" daemon [_thread_blocked, id=8064, stack(0x00000000195f0000,0x00000000196f0000)]
  0x00000000027d5000 JavaThread "main" [_thread_in_vm, id=25152, stack(0x00000000026b0000,0x00000000027b0000)]

Other Threads:
  0x0000000017806000 VMThread [stack: 0x00000000194f0000,0x00000000195f0000] [id=16636]
  0x00000000197d3000 WatcherThread [stack: 0x000000001a400000,0x000000001a500000] [id=11752]

VM state:not at safepoint (normal execution)

VM Mutex/Monitor currently owned by a thread: None

Heap:
 PSYoungGen      total 37888K, used 12838K [0x00000000d6200000, 0x00000000d8c00000, 0x0000000100000000)
  eden space 32768K, 23% used [0x00000000d6200000,0x00000000d69907f8,0x00000000d8200000)
  from space 5120K, 99% used [0x00000000d8700000,0x00000000d8bf9130,0x00000000d8c00000)
  to   space 5120K, 0% used [0x00000000d8200000,0x00000000d8200000,0x00000000d8700000)
 ParOldGen       total 86016K, used 2680K [0x0000000082600000, 0x0000000087a00000, 0x00000000d6200000)
  object space 86016K, 3% used [0x0000000082600000,0x000000008289e1b8,0x0000000087a00000)
 Metaspace       used 17124K, capacity 17578K, committed 17792K, reserved 1064960K
  class space    used 1961K, capacity 2077K, committed 2176K, reserved 1048576K

Card table byte_map: [0x0000000011ca0000,0x0000000012090000] byte_map_base: 0x000000001188d000

Marking Bits: (ParMarkBitMap*) 0x0000000077a7be50
 Begin Bits: [0x0000000012b30000, 0x0000000014a98000)
 End Bits:   [0x0000000014a98000, 0x0000000016a00000)

Polling page: 0x0000000002650000

CodeCache: size=245760Kb used=8226Kb max_used=8226Kb free=237533Kb
 bounds [0x00000000028e0000, 0x00000000030f0000, 0x00000000118e0000]
 total_blobs=2778 nmethods=2362 adapters=329
 compilation: enabled

Compilation events (10 events):
Event: 3.428 Thread 0x0000000017819000 nmethod 2361 0x00000000030e5110 code [0x00000000030e5340, 0x00000000030e5dd8]
Event: 3.428 Thread 0x0000000017819000 2362       1       com.sun.org.apache.xerces.internal.utils.XMLSecurityManager$Limit::secureValue (5 bytes)
Event: 3.428 Thread 0x0000000017819000 nmethod 2362 0x00000000030e4e50 code [0x00000000030e4fa0, 0x00000000030e50b0]
Event: 3.428 Thread 0x0000000017819000 2363   !   3       com.sun.org.apache.xerces.internal.parsers.AbstractSAXParser::startGeneralEntity (76 bytes)
Event: 3.428 Thread 0x0000000017819000 nmethod 2363 0x00000000030ecc50 code [0x00000000030ece40, 0x00000000030ed898]
Event: 3.429 Thread 0x0000000017819000 2365       3       com.sun.org.apache.xerces.internal.impl.XMLDocumentFragmentScannerImpl::handleCharacter (92 bytes)
Event: 3.429 Thread 0x0000000017819000 nmethod 2365 0x00000000030e4390 code [0x00000000030e4540, 0x00000000030e4b98]
Event: 3.429 Thread 0x0000000017819000 2364   !   3       com.sun.org.apache.xerces.internal.parsers.AbstractSAXParser::endGeneralEntity (52 bytes)
Event: 3.429 Thread 0x0000000017819000 nmethod 2364 0x00000000030edd50 code [0x00000000030edf20, 0x00000000030ee868]
Event: 3.430 Thread 0x0000000019721800 2366       4       java.util.regex.Matcher::replaceAll (59 bytes)

GC Heap History (4 events):
Event: 1.718 GC heap before
{Heap before GC invocations=1 (full 0):
 PSYoungGen      total 37888K, used 32768K [0x00000000d6200000, 0x00000000d8c00000, 0x0000000100000000)
  eden space 32768K, 100% used [0x00000000d6200000,0x00000000d8200000,0x00000000d8200000)
  from space 5120K, 0% used [0x00000000d8700000,0x00000000d8700000,0x00000000d8c00000)
  to   space 5120K, 0% used [0x00000000d8200000,0x00000000d8200000,0x00000000d8700000)
 ParOldGen       total 86016K, used 0K [0x0000000082600000, 0x0000000087a00000, 0x00000000d6200000)
  object space 86016K, 0% used [0x0000000082600000,0x0000000082600000,0x0000000087a00000)
 Metaspace       used 15918K, capacity 16300K, committed 16640K, reserved 1064960K
  class space    used 1873K, capacity 2016K, committed 2048K, reserved 1048576K
Event: 1.726 GC heap after
Heap after GC invocations=1 (full 0):
 PSYoungGen      total 37888K, used 5110K [0x00000000d6200000, 0x00000000d8c00000, 0x0000000100000000)
  eden space 32768K, 0% used [0x00000000d6200000,0x00000000d6200000,0x00000000d8200000)
  from space 5120K, 99% used [0x00000000d8200000,0x00000000d86fda88,0x00000000d8700000)
  to   space 5120K, 0% used [0x00000000d8700000,0x00000000d8700000,0x00000000d8c00000)
 ParOldGen       total 86016K, used 1555K [0x0000000082600000, 0x0000000087a00000, 0x00000000d6200000)
  object space 86016K, 1% used [0x0000000082600000,0x0000000082784cc0,0x0000000087a00000)
 Metaspace       used 15918K, capacity 16300K, committed 16640K, reserved 1064960K
  class space    used 1873K, capacity 2016K, committed 2048K, reserved 1048576K
}
Event: 3.322 GC heap before
{Heap before GC invocations=2 (full 0):
 PSYoungGen      total 37888K, used 37878K [0x00000000d6200000, 0x00000000d8c00000, 0x0000000100000000)
  eden space 32768K, 100% used [0x00000000d6200000,0x00000000d8200000,0x00000000d8200000)
  from space 5120K, 99% used [0x00000000d8200000,0x00000000d86fda88,0x00000000d8700000)
  to   space 5120K, 0% used [0x00000000d8700000,0x00000000d8700000,0x00000000d8c00000)
 ParOldGen       total 86016K, used 1555K [0x0000000082600000, 0x0000000087a00000, 0x00000000d6200000)
  object space 86016K, 1% used [0x0000000082600000,0x0000000082784cc0,0x0000000087a00000)
 Metaspace       used 17108K, capacity 17578K, committed 17792K, reserved 1064960K
  class space    used 1961K, capacity 2077K, committed 2176K, reserved 1048576K
Event: 3.329 GC heap after
Heap after GC invocations=2 (full 0):
 PSYoungGen      total 37888K, used 5092K [0x00000000d6200000, 0x00000000d8c00000, 0x0000000100000000)
  eden space 32768K, 0% used [0x00000000d6200000,0x00000000d6200000,0x00000000d8200000)
  from space 5120K, 99% used [0x00000000d8700000,0x00000000d8bf9130,0x00000000d8c00000)
  to   space 5120K, 0% used [0x00000000d8200000,0x00000000d8200000,0x00000000d8700000)
 ParOldGen       total 86016K, used 2680K [0x0000000082600000, 0x0000000087a00000, 0x00000000d6200000)
  object space 86016K, 3% used [0x0000000082600000,0x000000008289e1b8,0x0000000087a00000)
 Metaspace       used 17108K, capacity 17578K, committed 17792K, reserved 1064960K
  class space    used 1961K, capacity 2077K, committed 2176K, reserved 1048576K
}

Deoptimization events (10 events):
Event: 2.375 Thread 0x00000000027d5000 Uncommon trap: reason=unstable_if action=reinterpret pc=0x0000000002bf83f4 method=com.sun.org.apache.xerces.internal.impl.XMLEntityScanner.checkBeforeLoad(Lcom/sun/xml/internal/stream/Entity$ScannedEntity;II)I @ 18
Event: 2.449 Thread 0x00000000027d5000 Uncommon trap: reason=unstable_if action=reinterpret pc=0x0000000002f420e4 method=com.sun.org.apache.xerces.internal.impl.XMLEntityScanner.checkBeforeLoad(Lcom/sun/xml/internal/stream/Entity$ScannedEntity;II)I @ 18
Event: 2.459 Thread 0x00000000027d5000 Uncommon trap: reason=unstable_if action=reinterpret pc=0x0000000002e94b54 method=java.lang.AbstractStringBuilder.append(Ljava/lang/CharSequence;)Ljava/lang/AbstractStringBuilder; @ 13
Event: 2.878 Thread 0x00000000027d5000 Uncommon trap: reason=unstable_if action=reinterpret pc=0x0000000002fcd588 method=com.sun.org.apache.xerces.internal.impl.XMLEntityScanner.peekChar()I @ 14
Event: 2.879 Thread 0x00000000027d5000 Uncommon trap: reason=unstable_if action=reinterpret pc=0x0000000002eb2e30 method=com.sun.org.apache.xerces.internal.impl.XMLEntityScanner.peekChar()I @ 14
Event: 2.879 Thread 0x00000000027d5000 Uncommon trap: reason=unstable_if action=reinterpret pc=0x0000000002fb29cc method=com.sun.xml.internal.bind.v2.runtime.unmarshaller.ValidatingUnmarshaller.text(Ljava/lang/CharSequence;)V @ 13
Event: 2.887 Thread 0x00000000027d5000 Uncommon trap: reason=unstable_if action=reinterpret pc=0x0000000002e90964 method=java.util.regex.Matcher.find()Z @ 34
Event: 2.895 Thread 0x00000000027d5000 Uncommon trap: reason=unstable_if action=reinterpret pc=0x0000000002f3d388 method=com.sun.org.apache.xerces.internal.impl.xpath.regex.RangeToken.match(I)Z @ 4
Event: 2.896 Thread 0x00000000027d5000 Uncommon trap: reason=unstable_if action=reinterpret pc=0x0000000002f7b928 method=com.sun.org.apache.xerces.internal.util.IntStack.ensureCapacity(I)V @ 24
Event: 3.041 Thread 0x00000000027d5000 Uncommon trap: reason=unstable_if action=reinterpret pc=0x000000000308fdb8 method=java.util.regex.Matcher.find()Z @ 34

Classes redefined (0 events):
No events

Internal exceptions (10 events):
Event: 0.840 Thread 0x00000000027d5000 Exception <a 'sun/nio/fs/WindowsException'> (0x00000000d74e5090) thrown at [C:\Users\jenkins\workspace\openjdk8_build_x86-64_windows\openjdk\hotspot\src\share\vm\prims\jni.cpp, line 709]
Event: 0.840 Thread 0x00000000027d5000 Exception <a 'sun/nio/fs/WindowsException'> (0x00000000d74e5e88) thrown at [C:\Users\jenkins\workspace\openjdk8_build_x86-64_windows\openjdk\hotspot\src\share\vm\prims\jni.cpp, line 709]
Event: 0.840 Thread 0x00000000027d5000 Exception <a 'sun/nio/fs/WindowsException'> (0x00000000d74e65e0) thrown at [C:\Users\jenkins\workspace\openjdk8_build_x86-64_windows\openjdk\hotspot\src\share\vm\prims\jni.cpp, line 709]
Event: 1.786 Thread 0x00000000027d5000 Implicit null exception at 0x0000000002dbc2d8 to 0x0000000002dbc41d
Event: 2.200 Thread 0x00000000027d5000 Exception <a 'java/lang/ClassNotFoundException': com/sun/org/glassfish/hk2/osgiresourcelocator/ServiceLoader> (0x00000000d64cf948) thrown at [C:\Users\jenkins\workspace\openjdk8_build_x86-64_windows\openjdk\hotspot\src\share\vm\classfile\systemDictionary.
Event: 2.461 Thread 0x00000000027d5000 Exception <a 'sun/nio/fs/WindowsException'> (0x00000000d6d83c08) thrown at [C:\Users\jenkins\workspace\openjdk8_build_x86-64_windows\openjdk\hotspot\src\share\vm\prims\jni.cpp, line 709]
Event: 2.461 Thread 0x00000000027d5000 Exception <a 'sun/nio/fs/WindowsException'> (0x00000000d6d840c0) thrown at [C:\Users\jenkins\workspace\openjdk8_build_x86-64_windows\openjdk\hotspot\src\share\vm\prims\jni.cpp, line 709]
Event: 2.701 Thread 0x00000000027d5000 Exception <a 'java/lang/ClassNotFoundException': com/sun/org/glassfish/hk2/osgiresourcelocator/ServiceLoader> (0x00000000d6dcd208) thrown at [C:\Users\jenkins\workspace\openjdk8_build_x86-64_windows\openjdk\hotspot\src\share\vm\classfile\systemDictionary.
Event: 2.815 Thread 0x00000000027d5000 Exception <a 'java/lang/ClassNotFoundException': com/sun/org/glassfish/hk2/osgiresourcelocator/ServiceLoader> (0x00000000d6f9b640) thrown at [C:\Users\jenkins\workspace\openjdk8_build_x86-64_windows\openjdk\hotspot\src\share\vm\classfile\systemDictionary.
Event: 2.895 Thread 0x00000000027d5000 Implicit null exception at 0x0000000002f3d2d0 to 0x0000000002f3d371

Events (10 events):
Event: 3.041 Thread 0x00000000027d5000 DEOPT PACKING pc=0x000000000308fdb8 sp=0x00000000027ae4c0
Event: 3.041 Thread 0x00000000027d5000 DEOPT UNPACKING pc=0x000000000292557b sp=0x00000000027ae448 mode 2
Event: 3.322 Executing VM operation: ParallelGCFailedAllocation
Event: 3.329 Executing VM operation: ParallelGCFailedAllocation done
Event: 3.430 Thread 0x00000000027d5000 DEOPT PACKING pc=0x00000000030b4892 sp=0x00000000027ae4a0
Event: 3.430 Thread 0x00000000027d5000 DEOPT UNPACKING pc=0x00000000029275d0 sp=0x00000000027ae228 mode 0
Event: 3.434 Thread 0x00000000027d5000 DEOPT PACKING pc=0x00000000030b4892 sp=0x00000000027ae4a0
Event: 3.434 Thread 0x00000000027d5000 DEOPT UNPACKING pc=0x00000000029275d0 sp=0x00000000027ae228 mode 0
Event: 3.438 Thread 0x00000000027d5000 DEOPT PACKING pc=0x00000000030b4892 sp=0x00000000027ae4a0
Event: 3.438 Thread 0x00000000027d5000 DEOPT UNPACKING pc=0x00000000029275d0 sp=0x00000000027ae228 mode 0


Dynamic libraries:
0x00007ff695260000 - 0x00007ff695295000 	D:\Program_Files\Unity\2019.3.1f1\Editor\Data\PlaybackEngines\AndroidPlayer\OpenJDK\bin\java.exe
0x00007ffdee860000 - 0x00007ffdeea50000 	C:\WINDOWS\SYSTEM32\ntdll.dll
0x00007ffdee6f0000 - 0x00007ffdee7a2000 	C:\WINDOWS\System32\KERNEL32.DLL
0x00007ffdebfc0000 - 0x00007ffdec264000 	C:\WINDOWS\System32\KERNELBASE.dll
0x00007ffdedbb0000 - 0x00007ffdedc53000 	C:\WINDOWS\System32\ADVAPI32.dll
0x00007ffdee550000 - 0x00007ffdee5ee000 	C:\WINDOWS\System32\msvcrt.dll
0x00007ffdee5f0000 - 0x00007ffdee687000 	C:\WINDOWS\System32\sechost.dll
0x00007ffded600000 - 0x00007ffded720000 	C:\WINDOWS\System32\RPCRT4.dll
0x00007ffdeca70000 - 0x00007ffdecc04000 	C:\WINDOWS\System32\USER32.dll
0x00007ffdec4c0000 - 0x00007ffdec4e1000 	C:\WINDOWS\System32\win32u.dll
0x00007ffdee3f0000 - 0x00007ffdee416000 	C:\WINDOWS\System32\GDI32.dll
0x00007ffdec270000 - 0x00007ffdec404000 	C:\WINDOWS\System32\gdi32full.dll
0x00007ffdec7d0000 - 0x00007ffdec86e000 	C:\WINDOWS\System32\msvcp_win.dll
0x00007ffdec520000 - 0x00007ffdec61a000 	C:\WINDOWS\System32\ucrtbase.dll
0x00007ffdd8d10000 - 0x00007ffdd8f94000 	C:\WINDOWS\WinSxS\amd64_microsoft.windows.common-controls_6595b64144ccf1df_6.0.18362.815_none_e6c3b941130ffef4\COMCTL32.dll
0x00007ffdede20000 - 0x00007ffdee156000 	C:\WINDOWS\System32\combase.dll
0x00007ffdec890000 - 0x00007ffdec910000 	C:\WINDOWS\System32\bcryptPrimitives.dll
0x00007ffdecee0000 - 0x00007ffdecf0e000 	C:\WINDOWS\System32\IMM32.DLL
0x0000000050a80000 - 0x0000000050b52000 	D:\Program_Files\Unity\2019.3.1f1\Editor\Data\PlaybackEngines\AndroidPlayer\OpenJDK\jre\bin\msvcr100.dll
0x00000000772b0000 - 0x0000000077af9000 	D:\Program_Files\Unity\2019.3.1f1\Editor\Data\PlaybackEngines\AndroidPlayer\OpenJDK\jre\bin\server\jvm.dll
0x00007ffdee810000 - 0x00007ffdee818000 	C:\WINDOWS\System32\PSAPI.DLL
0x00007ffde7c70000 - 0x00007ffde7c94000 	C:\WINDOWS\SYSTEM32\WINMM.dll
0x00007ffde4710000 - 0x00007ffde471a000 	C:\WINDOWS\SYSTEM32\VERSION.dll
0x00007ffdd5110000 - 0x00007ffdd5119000 	C:\WINDOWS\SYSTEM32\WSOCK32.dll
0x00007ffdee170000 - 0x00007ffdee1df000 	C:\WINDOWS\System32\WS2_32.dll
0x00007ffde7c40000 - 0x00007ffde7c6d000 	C:\WINDOWS\SYSTEM32\winmmbase.dll
0x00007ffdebf70000 - 0x00007ffdebfba000 	C:\WINDOWS\System32\cfgmgr32.dll
0x00007ffde6220000 - 0x00007ffde622f000 	D:\Program_Files\Unity\2019.3.1f1\Editor\Data\PlaybackEngines\AndroidPlayer\OpenJDK\jre\bin\verify.dll
0x00007ffdc3b50000 - 0x00007ffdc3b79000 	D:\Program_Files\Unity\2019.3.1f1\Editor\Data\PlaybackEngines\AndroidPlayer\OpenJDK\jre\bin\java.dll
0x00007ffdccec0000 - 0x00007ffdcced6000 	D:\Program_Files\Unity\2019.3.1f1\Editor\Data\PlaybackEngines\AndroidPlayer\OpenJDK\jre\bin\zip.dll
0x00007ffdecf10000 - 0x00007ffded5f4000 	C:\WINDOWS\System32\SHELL32.dll
0x00007ffdecc10000 - 0x00007ffdeccb9000 	C:\WINDOWS\System32\shcore.dll
0x00007ffdeb7f0000 - 0x00007ffdebf6d000 	C:\WINDOWS\System32\windows.storage.dll
0x00007ffdeb7a0000 - 0x00007ffdeb7c3000 	C:\WINDOWS\System32\profapi.dll
0x00007ffdeb730000 - 0x00007ffdeb77a000 	C:\WINDOWS\System32\powrprof.dll
0x00007ffdeb720000 - 0x00007ffdeb730000 	C:\WINDOWS\System32\UMPDC.dll
0x00007ffdee2b0000 - 0x00007ffdee302000 	C:\WINDOWS\System32\shlwapi.dll
0x00007ffdeb780000 - 0x00007ffdeb791000 	C:\WINDOWS\System32\kernel.appcore.dll
0x00007ffdec870000 - 0x00007ffdec887000 	C:\WINDOWS\System32\cryptsp.dll
0x00007ffdc9cd0000 - 0x00007ffdc9cea000 	D:\Program_Files\Unity\2019.3.1f1\Editor\Data\PlaybackEngines\AndroidPlayer\OpenJDK\jre\bin\net.dll
0x00007ffdeaee0000 - 0x00007ffdeaf47000 	C:\WINDOWS\system32\mswsock.dll
0x00007ffdc98b0000 - 0x00007ffdc98c1000 	D:\Program_Files\Unity\2019.3.1f1\Editor\Data\PlaybackEngines\AndroidPlayer\OpenJDK\jre\bin\nio.dll
0x00007ffdc5560000 - 0x00007ffdc5584000 	D:\Program_Files\Unity\2019.3.1f1\Editor\Data\PlaybackEngines\AndroidPlayer\OpenJDK\jre\bin\sunec.dll
0x00007ffdeaa60000 - 0x00007ffdeaa93000 	C:\WINDOWS\system32\rsaenh.dll
0x00007ffdec4f0000 - 0x00007ffdec516000 	C:\WINDOWS\System32\bcrypt.dll
0x00007ffdeb610000 - 0x00007ffdeb635000 	C:\WINDOWS\SYSTEM32\USERENV.dll
0x00007ffdeb120000 - 0x00007ffdeb12c000 	C:\WINDOWS\SYSTEM32\CRYPTBASE.dll
0x00007ffdeac00000 - 0x00007ffdeac3a000 	C:\WINDOWS\SYSTEM32\IPHLPAPI.DLL
0x00007ffdee3e0000 - 0x00007ffdee3e8000 	C:\WINDOWS\System32\NSI.dll
0x00007ffde2cb0000 - 0x00007ffde2cc6000 	C:\WINDOWS\SYSTEM32\dhcpcsvc6.DLL
0x00007ffde2c90000 - 0x00007ffde2cac000 	C:\WINDOWS\SYSTEM32\dhcpcsvc.DLL
0x00007ffdeac40000 - 0x00007ffdead0b000 	C:\WINDOWS\SYSTEM32\DNSAPI.dll
0x00007ffde3590000 - 0x00007ffde359b000 	D:\Program_Files\Unity\2019.3.1f1\Editor\Data\PlaybackEngines\AndroidPlayer\OpenJDK\jre\bin\sunmscapi.dll
0x00007ffdec620000 - 0x00007ffdec769000 	C:\WINDOWS\System32\CRYPT32.dll
0x00007ffdeb7d0000 - 0x00007ffdeb7e2000 	C:\WINDOWS\System32\MSASN1.dll
0x00007ffde1320000 - 0x00007ffde132a000 	C:\Windows\System32\rasadhlp.dll
0x00007ffde1ed0000 - 0x00007ffde1f47000 	C:\WINDOWS\System32\fwpuclnt.dll

VM Arguments:
jvm_args: -Dcom.android.sdklib.toolsdir=D:\Program_Files\Unity\2019.3.1f1\Editor\Data\PlaybackEngines\AndroidPlayer\SDK\tools\bin\\.. 
java_command: com.android.sdklib.tool.sdkmanager.SdkManagerCli --list
java_class_path (initial): D:\Program_Files\Unity\2019.3.1f1\Editor\Data\PlaybackEngines\AndroidPlayer\SDK\tools\bin\..\lib\dvlib-26.0.0-dev.jar;D:\Program_Files\Unity\2019.3.1f1\Editor\Data\PlaybackEngines\AndroidPlayer\SDK\tools\bin\..\lib\jimfs-1.1.jar;D:\Program_Files\Unity\2019.3.1f1\Editor\Data\PlaybackEngines\AndroidPlayer\SDK\tools\bin\..\lib\jsr305-1.3.9.jar;D:\Program_Files\Unity\2019.3.1f1\Editor\Data\PlaybackEngines\AndroidPlayer\SDK\tools\bin\..\lib\repository-26.0.0-dev.jar;D:\Program_Files\Unity\2019.3.1f1\Editor\Data\PlaybackEngines\AndroidPlayer\SDK\tools\bin\..\lib\j2objc-annotations-1.1.jar;D:\Program_Files\Unity\2019.3.1f1\Editor\Data\PlaybackEngines\AndroidPlayer\SDK\tools\bin\..\lib\layoutlib-api-26.0.0-dev.jar;D:\Program_Files\Unity\2019.3.1f1\Editor\Data\PlaybackEngines\AndroidPlayer\SDK\tools\bin\..\lib\gson-2.3.jar;D:\Program_Files\Unity\2019.3.1f1\Editor\Data\PlaybackEngines\AndroidPlayer\SDK\tools\bin\..\lib\httpcore-4.2.5.jar;D:\Program_Files\Unity\2019.3.1f1\Editor\Data\PlaybackEngines\AndroidPlayer\SDK\tools\bin\..\lib\commons-logging-1.1.1.jar;D:\Program_Files\Unity\2019.3.1f1\Editor\Data\PlaybackEngines\AndroidPlayer\SDK\tools\bin\..\lib\commons-compress-1.12.jar;D:\Program_Files\Unity\2019.3.1f1\Editor\Data\PlaybackEngines\AndroidPlayer\SDK\tools\bin\..\lib\annotations-26.0.0-dev.jar;D:\Program_Files\Unity\2019.3.1f1\Editor\Data\PlaybackEngines\AndroidPlayer\SDK\tools\bin\..\lib\error_prone_annotations-2.0.18.jar;D:\Program_Files\Unity\2019.3.1f1\Editor\Data\PlaybackEngines\AndroidPlayer\SDK\tools\bin\..\lib\animal-sniffer-annotations-1.14.jar;D:\Program_Files\Unity\2019.3.1f1\Editor\Data\PlaybackEngines\AndroidPlayer\SDK\tools\bin\..\lib\httpclient-4.2.6.jar;D:\Program_Files\Unity\2019.3.1f1\Editor\Data\PlaybackEngines\AndroidPlayer\SDK\tools\bin\..\lib\commons-codec-1.6.jar;D:\Program_Files\Unity\2019.3.1f1\Editor\Data\PlaybackEngines\AndroidPlayer\SDK\tools\bin\..\lib\common-26.0.0-dev.jar;D:\Program_Files\Unity\2019.3.1f1\Edit
Launcher Type: SUN_STANDARD

Environment Variables:
JAVA_HOME=D:/Program_Files/Unity/2019.3.1f1/Editor/Data/PlaybackEngines/AndroidPlayer\OpenJDK
PATH=C:\Program Files (x86)\Common Files\Oracle\Java\javapath;C:\WINDOWS\system32;C:\WINDOWS;C:\WINDOWS\System32\Wbem;C:\WINDOWS\System32\WindowsPowerShell\v1.0\;C:\WINDOWS\System32\OpenSSH\;C:\Program Files\Intel\WiFi\bin\;C:\Program Files\Common Files\Intel\WirelessCommon\;C:\Program Files\nodejs\;C:\Program Files\Git\cmd;C:\Program Files (x86)\Intel\Intel(R) Management Engine Components\DAL;C:\Program Files\Intel\Intel(R) Management Engine Components\DAL;C:\MinGW\bin;C:\Program Files\PostgreSQL\12\bin;C:\Program Files\Common Files\Autodesk Shared\;C:\Program Files\Microsoft SQL Server\120\Tools\Binn\;C:\Program Files\dotnet\;C:\Program Files\Docker\Docker\resources\bin;C:\ProgramData\DockerDesktop\version-bin;C:\Program Files\NVIDIA Corporation\NVIDIA NvDLISR;C:\Program Files (x86)\NVIDIA Corporation\PhysX\Common;C:\ProgramData\chocolatey\bin;C:\ProgramData\Anaconda3;C:\ProgramData\Anaconda3\Library\mingw-w64\bin;C:\ProgramData\Anaconda3\Library\usr\bin;C:\ProgramData\Anaconda3\Library\bin;C:\ProgramData\Anaconda3\Scripts;C:\ProgramData\Anaconda3\bin;C:\ProgramData\Anaconda3\condabin;C:\WINDOWS\system32;C:\WINDOWS;C:\WINDOWS\System32\Wbem;C:\WINDOWS\System32\WindowsPowerShell\v1.0\;C:\WINDOWS\System32\OpenSSH\;C:\Program Files\Intel\WiFi\bin\;C:\Program Files\Common Files\Intel\WirelessCommon\;C:\Program Files\Microsoft VS Code\bin;C:\Program Files\nodejs\;C:\Users\aaron\AppData\Local\Microsoft\WindowsApps;C:\Users\aaron\AppData\Roaming\npm;C:\ProgramData\Anaconda3;C:\Users\aaron\AppData\Local\Programs\Microsoft VS Code\bin;C:\Program Files\JetBrains\PyCharm Community Edition 2019.2.5\bin;;C:\flutter\bin;
USERNAME=aaron
OS=Windows_NT
PROCESSOR_IDENTIFIER=Intel64 Family 6 Model 142 Stepping 10, GenuineIntel



---------------  S Y S T E M  ---------------

OS: Windows 10.0 , 64 bit Build 18362 (10.0.18362.778)

CPU:total 8 (initial active 8) (4 cores per cpu, 2 threads per core) family 6 model 142 stepping 10, cmov, cx8, fxsr, mmx, sse, sse2, sse3, ssse3, sse4.1, sse4.2, popcnt, avx, avx2, aes, clmul, erms, 3dnowpref, lzcnt, ht, tsc, tscinvbit, bmi1, bmi2, adx

Memory: 4k page, physical 8227556k(471108k free), swap 21345248k(5344k free)

vm_info: OpenJDK 64-Bit Server VM (25.71-b00) for windows-amd64 JRE (1.8.0-adoptopenjdk-_2018_05_19_00_59-b00), built on May 19 2018 01:02:12 by "jenkins" with MS VC++ 10.0 (VS2010)

time: Tue May 12 21:01:39 2020
elapsed time: 3 seconds (0d 0h 0m 3s)

